<?xml version="1.0" encoding="UTF-8"?>
<!-- Generated by org.testng.reporters.JUnitXMLReporter -->
<testsuite ignored="0" hostname="DESKTOP-BDABQQ0" failures="1" tests="5" name="chrome" time="66.096" errors="0" timestamp="2023-07-08T17:06:40 IST">
  <testcase classname="test_Package.BaseClass" name="@AfterMethod AfterMethod" time="0.211">
    <failure type="java.lang.NullPointerException">
      <![CDATA[java.lang.NullPointerException
at java.base/java.io.File.<init>(File.java:278)
at testUtility.Screenshot.ScreenShotCaptureMethod(Screenshot.java:18)
at test_Package.BaseClass.AfterMethod(BaseClass.java:48)
at java.base/java.util.ArrayList.forEach(ArrayList.java:1511)
... Removed 30 stack frames]]>
    </failure>
  </testcase> <!-- @AfterMethod AfterMethod -->
  <testcase classname="test_Package.Test_Class1" name="@BeforeMethod beforeMethod" time="-1.688816200693E9">
    <skipped/>
  </testcase> <!-- @BeforeMethod beforeMethod -->
  <testcase classname="test_Package.Test_Class1" name="@AfterMethod afterMethod" time="-1.688816200712E9">
    <skipped/>
  </testcase> <!-- @AfterMethod afterMethod -->
  <testcase classname="test_Package.BaseClass" name="@AfterMethod AfterMethod" time="-1.688816200734E9">
    <skipped/>
  </testcase> <!-- @AfterMethod AfterMethod -->
  <testcase classname="test_Package.Test_Class1" name="@AfterClass afterClass" time="-1.688816200738E9">
    <skipped/>
  </testcase> <!-- @AfterClass afterClass -->
  <testcase classname="test_Package.BaseClass" name="@AfterTest aftertest" time="-1.688816200743E9">
    <skipped/>
  </testcase> <!-- @AfterTest aftertest -->
  <testcase classname="test_Package.Test_Class1" name="test1" time="0.075"/>
  <testcase classname="test_Package.Test_Class1" name="test2" time="0.003"/>
  <testcase classname="test_Package.Test_Class1" name="test3" time="0.015"/>
  <testcase classname="test_Package.Test_Class1" name="verifyDashboardElement" time="4.773">
    <failure type="java.lang.AssertionError" message="expected:&amp;lt;https://opensource-demo.orangehrmlive.com/web/index.php/dashboard/index&amp;gt; but was:&amp;lt;https://opensource-demo.orangehrmlive.com/web/index.php/auth/login&amp;gt;">
      <![CDATA[java.lang.AssertionError: expected:<https://opensource-demo.orangehrmlive.com/web/index.php/dashboard/index> but was:<https://opensource-demo.orangehrmlive.com/web/index.php/auth/login>
at test_Package.Test_Class1.verifyDashboardElement(Test_Class1.java:84)
at java.base/java.util.ArrayList.forEach(ArrayList.java:1511)
... Removed 27 stack frames]]>
    </failure>
  </testcase> <!-- verifyDashboardElement -->
  <testcase classname="test_Package.Test_Class1" name="abcd" time="0.0">
    <skipped/>
  </testcase> <!-- abcd -->
</testsuite> <!-- chrome -->
