<?xml version="1.0" encoding="UTF-8"?>
<!-- Generated by org.testng.reporters.JUnitXMLReporter -->
<testsuite ignored="0" hostname="DESKTOP-BDABQQ0" failures="1" tests="5" name="forefox" time="114.402" errors="0" timestamp="2023-03-18T14:03:29 IST">
  <testcase classname="test_Package.Test_Class1" name="test1" time="0.002"/>
  <testcase classname="test_Package.Test_Class1" name="test2" time="0.004"/>
  <testcase classname="test_Package.Test_Class1" name="test3" time="0.005"/>
  <testcase classname="test_Package.Test_Class1" name="verifyDashboardElement" time="5.24">
    <failure type="java.lang.AssertionError" message="expected:&amp;lt;https://opensource-demo.orangehrmlive.com/web/index.php/auth/login&amp;gt; but was:&amp;lt;https://opensource-demo.orangehrmlive.com/web/index.php/dashboard/index&amp;gt;">
      <![CDATA[java.lang.AssertionError: expected:<https://opensource-demo.orangehrmlive.com/web/index.php/auth/login> but was:<https://opensource-demo.orangehrmlive.com/web/index.php/dashboard/index>
at test_Package.Test_Class1.verifyDashboardElement(Test_Class1.java:102)
at java.base/java.util.ArrayList.forEach(ArrayList.java:1511)
... Removed 27 stack frames]]>
    </failure>
  </testcase> <!-- verifyDashboardElement -->
  <testcase classname="test_Package.Test_Class1" name="abcd" time="0.003"/>
</testsuite> <!-- forefox -->
